<?xml version="1.0" encoding="UTF-8"?>
<testsuite xmlns:xsi="http://www.w3.org/2001/XMLSchema-instance" xsi:noNamespaceSchemaLocation="https://maven.apache.org/surefire/maven-surefire-plugin/xsd/surefire-test-report-3.0.xsd" version="3.0" name="io.eigr.ports.java.AppTest" time="0.054" tests="1" errors="0" skipped="0" failures="0">
  <properties>
    <property name="java.specification.version" value="20"/>
    <property name="sun.jnu.encoding" value="UTF-8"/>
    <property name="java.class.path" value="/home/sleipnir/workspaces/github/me/pocs/ex_bridge/ports/java-port/target/test-classes:/home/sleipnir/workspaces/github/me/pocs/ex_bridge/ports/java-port/target/classes:/home/sleipnir/.m2/repository/com/google/protobuf/protobuf-java/3.24.4/protobuf-java-3.24.4.jar:/home/sleipnir/.m2/repository/io/cloudevents/cloudevents-protobuf/2.5.0/cloudevents-protobuf-2.5.0.jar:/home/sleipnir/.m2/repository/io/cloudevents/cloudevents-core/2.5.0/cloudevents-core-2.5.0.jar:/home/sleipnir/.m2/repository/io/cloudevents/cloudevents-api/2.5.0/cloudevents-api-2.5.0.jar:/home/sleipnir/.m2/repository/com/google/protobuf/protobuf-java-util/3.15.0/protobuf-java-util-3.15.0.jar:/home/sleipnir/.m2/repository/com/google/guava/guava/30.0-android/guava-30.0-android.jar:/home/sleipnir/.m2/repository/com/google/guava/failureaccess/1.0.1/failureaccess-1.0.1.jar:/home/sleipnir/.m2/repository/com/google/guava/listenablefuture/9999.0-empty-to-avoid-conflict-with-guava/listenablefuture-9999.0-empty-to-avoid-conflict-with-guava.jar:/home/sleipnir/.m2/repository/com/google/code/findbugs/jsr305/3.0.2/jsr305-3.0.2.jar:/home/sleipnir/.m2/repository/org/checkerframework/checker-compat-qual/2.5.5/checker-compat-qual-2.5.5.jar:/home/sleipnir/.m2/repository/com/google/j2objc/j2objc-annotations/1.3/j2objc-annotations-1.3.jar:/home/sleipnir/.m2/repository/com/google/errorprone/error_prone_annotations/2.3.4/error_prone_annotations-2.3.4.jar:/home/sleipnir/.m2/repository/com/google/code/gson/gson/2.8.6/gson-2.8.6.jar:/home/sleipnir/.m2/repository/org/slf4j/slf4j-api/2.0.5/slf4j-api-2.0.5.jar:/home/sleipnir/.m2/repository/ch/qos/logback/logback-classic/1.4.7/logback-classic-1.4.7.jar:/home/sleipnir/.m2/repository/ch/qos/logback/logback-core/1.4.7/logback-core-1.4.7.jar:/home/sleipnir/.m2/repository/junit/junit/4.13.2/junit-4.13.2.jar:/home/sleipnir/.m2/repository/org/hamcrest/hamcrest-core/1.3/hamcrest-core-1.3.jar:"/>
    <property name="java.vm.vendor" value="Oracle Corporation"/>
    <property name="sun.arch.data.model" value="64"/>
    <property name="java.vendor.url" value="https://java.oracle.com/"/>
    <property name="os.name" value="Linux"/>
    <property name="java.vm.specification.version" value="20"/>
    <property name="sun.java.launcher" value="SUN_STANDARD"/>
    <property name="user.country" value="US"/>
    <property name="sun.boot.library.path" value="/home/sleipnir/.sdkman/candidates/java/20.ea.15-open/lib"/>
    <property name="sun.java.command" value="/home/sleipnir/workspaces/github/me/pocs/ex_bridge/ports/java-port/target/surefire/surefirebooter-20240229121751641_3.jar /home/sleipnir/workspaces/github/me/pocs/ex_bridge/ports/java-port/target/surefire 2024-02-29T12-17-51_381-jvmRun1 surefire-20240229121751641_1tmp surefire_0-20240229121751641_2tmp"/>
    <property name="jdk.debug" value="release"/>
    <property name="surefire.test.class.path" value="/home/sleipnir/workspaces/github/me/pocs/ex_bridge/ports/java-port/target/test-classes:/home/sleipnir/workspaces/github/me/pocs/ex_bridge/ports/java-port/target/classes:/home/sleipnir/.m2/repository/com/google/protobuf/protobuf-java/3.24.4/protobuf-java-3.24.4.jar:/home/sleipnir/.m2/repository/io/cloudevents/cloudevents-protobuf/2.5.0/cloudevents-protobuf-2.5.0.jar:/home/sleipnir/.m2/repository/io/cloudevents/cloudevents-core/2.5.0/cloudevents-core-2.5.0.jar:/home/sleipnir/.m2/repository/io/cloudevents/cloudevents-api/2.5.0/cloudevents-api-2.5.0.jar:/home/sleipnir/.m2/repository/com/google/protobuf/protobuf-java-util/3.15.0/protobuf-java-util-3.15.0.jar:/home/sleipnir/.m2/repository/com/google/guava/guava/30.0-android/guava-30.0-android.jar:/home/sleipnir/.m2/repository/com/google/guava/failureaccess/1.0.1/failureaccess-1.0.1.jar:/home/sleipnir/.m2/repository/com/google/guava/listenablefuture/9999.0-empty-to-avoid-conflict-with-guava/listenablefuture-9999.0-empty-to-avoid-conflict-with-guava.jar:/home/sleipnir/.m2/repository/com/google/code/findbugs/jsr305/3.0.2/jsr305-3.0.2.jar:/home/sleipnir/.m2/repository/org/checkerframework/checker-compat-qual/2.5.5/checker-compat-qual-2.5.5.jar:/home/sleipnir/.m2/repository/com/google/j2objc/j2objc-annotations/1.3/j2objc-annotations-1.3.jar:/home/sleipnir/.m2/repository/com/google/errorprone/error_prone_annotations/2.3.4/error_prone_annotations-2.3.4.jar:/home/sleipnir/.m2/repository/com/google/code/gson/gson/2.8.6/gson-2.8.6.jar:/home/sleipnir/.m2/repository/org/slf4j/slf4j-api/2.0.5/slf4j-api-2.0.5.jar:/home/sleipnir/.m2/repository/ch/qos/logback/logback-classic/1.4.7/logback-classic-1.4.7.jar:/home/sleipnir/.m2/repository/ch/qos/logback/logback-core/1.4.7/logback-core-1.4.7.jar:/home/sleipnir/.m2/repository/junit/junit/4.13.2/junit-4.13.2.jar:/home/sleipnir/.m2/repository/org/hamcrest/hamcrest-core/1.3/hamcrest-core-1.3.jar:"/>
    <property name="sun.cpu.endian" value="little"/>
    <property name="user.home" value="/home/sleipnir"/>
    <property name="user.language" value="en"/>
    <property name="java.specification.vendor" value="Oracle Corporation"/>
    <property name="java.version.date" value="2023-03-21"/>
    <property name="java.home" value="/home/sleipnir/.sdkman/candidates/java/20.ea.15-open"/>
    <property name="file.separator" value="/"/>
    <property name="basedir" value="/home/sleipnir/workspaces/github/me/pocs/ex_bridge/ports/java-port"/>
    <property name="java.vm.compressedOopsMode" value="Zero based"/>
    <property name="line.separator" value="&#10;"/>
    <property name="java.specification.name" value="Java Platform API Specification"/>
    <property name="java.vm.specification.vendor" value="Oracle Corporation"/>
    <property name="surefire.real.class.path" value="/home/sleipnir/workspaces/github/me/pocs/ex_bridge/ports/java-port/target/surefire/surefirebooter-20240229121751641_3.jar"/>
    <property name="sun.management.compiler" value="HotSpot 64-Bit Tiered Compilers"/>
    <property name="java.runtime.version" value="20-ea+15-1019"/>
    <property name="user.name" value="sleipnir"/>
    <property name="stdout.encoding" value="UTF-8"/>
    <property name="path.separator" value=":"/>
    <property name="os.version" value="5.18.10-76051810-generic"/>
    <property name="java.runtime.name" value="OpenJDK Runtime Environment"/>
    <property name="file.encoding" value="UTF-8"/>
    <property name="java.vm.name" value="OpenJDK 64-Bit Server VM"/>
    <property name="localRepository" value="/home/sleipnir/.m2/repository"/>
    <property name="java.vendor.url.bug" value="https://bugreport.java.com/bugreport/"/>
    <property name="java.io.tmpdir" value="/tmp"/>
    <property name="java.version" value="20-ea"/>
    <property name="user.dir" value="/home/sleipnir/workspaces/github/me/pocs/ex_bridge/ports/java-port"/>
    <property name="os.arch" value="amd64"/>
    <property name="java.vm.specification.name" value="Java Virtual Machine Specification"/>
    <property name="native.encoding" value="UTF-8"/>
    <property name="java.library.path" value="/usr/java/packages/lib:/usr/lib64:/lib64:/lib:/usr/lib"/>
    <property name="java.vm.info" value="mixed mode, sharing"/>
    <property name="stderr.encoding" value="UTF-8"/>
    <property name="java.vendor" value="Oracle Corporation"/>
    <property name="java.vm.version" value="20-ea+15-1019"/>
    <property name="sun.io.unicode.encoding" value="UnicodeLittle"/>
    <property name="java.class.version" value="64.0"/>
  </properties>
  <testcase name="testApp" classname="io.eigr.ports.java.AppTest" time="0.005"/>
</testsuite>